2018-02-13 17:51:14.6630 INFO You have visited the Index view admin
2018-02-13 17:55:57.5403 ERROR You have try to attempt login with Unvalid data 
2018-02-13 18:37:14.6759 ERROR You have try to attempt login with Unvalid data 
2018-02-13 18:37:19.1712 ERROR You have try to attempt login with Unvalid data 
2018-02-13 18:37:22.6505 ERROR You have try to attempt login with Unvalid data 
2018-02-13 18:37:25.6082 ERROR You have try to attempt login with Unvalid data 
2018-02-13 18:37:39.4506 ERROR You account is blocked 
2018-02-13 18:38:11.2766 ERROR You account is blocked 
2018-02-13 18:39:53.1428 ERROR You have try to attempt login with Unvalid data 
2018-02-13 18:39:56.4814 ERROR You have try to attempt login with Unvalid data 
2018-02-13 18:40:00.8259 ERROR You have try to attempt login with Unvalid data 
2018-02-13 18:40:05.7112 ERROR You have try to attempt login with Unvalid data 
2018-02-13 18:40:19.5185 ERROR You account is blocked 
2018-02-13 18:40:59.5456 ERROR You have try to attempt login with Unvalid data 
2018-02-13 18:41:02.3224 ERROR You have try to attempt login with Unvalid data 
2018-02-13 18:41:05.6327 ERROR You have try to attempt login with Unvalid data 
2018-02-13 18:41:15.3938 ERROR You account is blocked 
2018-02-13 18:41:52.6722 INFO You have visited the Home Page admin
2018-02-13 18:43:57.1243 ERROR You have try to attempt login with Unvalid data 
2018-02-13 18:44:22.6635 ERROR You have try to attempt login with Unvalid data 
2018-02-13 18:44:41.1343 ERROR You have try to attempt login with Unvalid data 
2018-02-13 18:45:20.4823 ERROR You account is blocked 
2018-02-13 18:46:41.1880 ERROR You have try to attempt login with Unvalid data 
2018-02-13 18:46:45.5088 ERROR You have try to attempt login with Unvalid data 
2018-02-13 18:46:53.7767 INFO You have visited the Home Page admin
2018-02-13 18:47:08.0267 ERROR You have try to attempt login with Unvalid data 
2018-02-13 18:47:11.9393 ERROR You have try to attempt login with Unvalid data 
2018-02-13 18:47:18.4052 ERROR You account is blocked 
2018-02-13 18:50:02.6102 ERROR You have try to attempt login with Unvalid data 
2018-02-13 18:50:06.7740 ERROR You have try to attempt login with Unvalid data 
2018-02-13 18:50:27.8325 ERROR You account is blocked 
2018-02-13 18:51:47.2993 ERROR You have try to attempt login with Unvalid data 
2018-02-13 18:51:56.0101 INFO Successfully Login.You have visited the Home Page admin
2018-02-13 18:53:11.4113 ERROR You have try to attempt login with Unvalid data 
2018-02-13 18:53:18.9983 INFO Successfully Login.You have visited the Home Page admin
2018-02-13 18:53:25.3553 ERROR You have try to attempt login with Unvalid data 
2018-02-13 18:53:28.5847 ERROR You have try to attempt login with Unvalid data 
2018-02-13 18:53:32.0765 ERROR You account is blocked 
2018-02-13 18:57:59.4455 INFO Successfully Login.You have visited the Home Page admin
2018-02-13 18:59:37.7191 INFO Successfully Login.You have visited the Home Page admin
2018-02-13 19:02:54.9169 INFO Successfully Login.You have visited the Home Page admin
2018-02-13 19:03:31.9569 INFO Successfully Login.You have visited the Home Page admin
2018-02-13 20:16:50.8200 INFO Successfully Login.You have visited the Home Page admin
